2022-12-31 00:27:11,036 [Worker-6: Loading available Gradle versions] INFO  o.e.b.c.i.u.g.PublishedGradleVersions - Gradle version information cache is not available. Remote download required.
2022-12-31 10:50:29,872 [Worker-5: Loading available Gradle versions] INFO  o.e.b.c.i.u.g.PublishedGradleVersions - Gradle version information cache is up-to-date. Trying to read.
2023-01-01 00:18:47,710 [Worker-53: https://download.oracle.com/otn_software/oepe/library/oracle-maf-2.2.1-rt/p2.index] INFO  o.a.h.c.h.i.c.HttpRequestRetryExec - Recoverable I/O exception (java.net.SocketException) caught when processing request to {s}->https://download.oracle.com:443
2023-01-01 00:21:05,682 [Worker-38: https://download.eclipse.org/jetty/updates/jetty-wtp/compositeContent.xml] INFO  o.a.h.c.h.i.c.HttpRequestRetryExec - Recoverable I/O exception (java.net.SocketException) caught when processing request to {s}->https://archive.eclipse.org:443
2023-01-01 13:53:53,447 [Worker-4: Loading available Gradle versions] INFO  o.e.b.c.i.u.g.PublishedGradleVersions - Gradle version information cache is out-of-date. Trying to update.
2023-01-01 20:49:16,394 [Worker-2: Loading available Gradle versions] INFO  o.e.b.c.i.u.g.PublishedGradleVersions - Gradle version information cache is up-to-date. Trying to read.
2023-01-02 16:20:29,151 [Worker-5: Loading available Gradle versions] INFO  o.e.b.c.i.u.g.PublishedGradleVersions - Gradle version information cache is out-of-date. Trying to update.
2023-01-02 17:17:42,825 [Worker-3: Loading available Gradle versions] INFO  o.e.b.c.i.u.g.PublishedGradleVersions - Gradle version information cache is up-to-date. Trying to read.
2023-01-07 07:14:53,542 [Worker-5: Loading available Gradle versions] INFO  o.e.b.c.i.u.g.PublishedGradleVersions - Gradle version information cache is out-of-date. Trying to update.
2023-01-12 08:41:07,861 [Worker-1: Loading available Gradle versions] INFO  o.e.b.c.i.u.g.PublishedGradleVersions - Gradle version information cache is out-of-date. Trying to update.
2023-01-13 23:36:43,015 [Worker-1: Loading available Gradle versions] INFO  o.e.b.c.i.u.g.PublishedGradleVersions - Gradle version information cache is out-of-date. Trying to update.
2023-01-20 13:12:55,236 [Worker-4: Loading available Gradle versions] INFO  o.e.b.c.i.u.g.PublishedGradleVersions - Gradle version information cache is out-of-date. Trying to update.
2023-01-21 06:00:19,486 [Worker-5: Loading available Gradle versions] INFO  o.e.b.c.i.u.g.PublishedGradleVersions - Gradle version information cache is up-to-date. Trying to read.
2023-01-24 13:12:37,189 [Worker-5: Loading available Gradle versions] INFO  o.e.b.c.i.u.g.PublishedGradleVersions - Gradle version information cache is out-of-date. Trying to update.
2023-01-25 23:02:29,064 [Worker-4: Loading available Gradle versions] INFO  o.e.b.c.i.u.g.PublishedGradleVersions - Gradle version information cache is out-of-date. Trying to update.
2023-01-25 23:02:31,127 [Worker-4: Loading available Gradle versions] INFO  o.e.b.c.i.u.g.PublishedGradleVersions - Updating Gradle version information cache failed. Using outdated cache.
2023-01-26 07:23:13,794 [Worker-1: Loading available Gradle versions] INFO  o.e.b.c.i.u.g.PublishedGradleVersions - Gradle version information cache is out-of-date. Trying to update.
2023-01-26 07:23:15,700 [Worker-1: Loading available Gradle versions] INFO  o.e.b.c.i.u.g.PublishedGradleVersions - Updating Gradle version information cache failed. Using outdated cache.
2023-01-28 06:03:25,710 [Worker-4: Loading available Gradle versions] INFO  o.e.b.c.i.u.g.PublishedGradleVersions - Gradle version information cache is out-of-date. Trying to update.
2023-01-29 06:54:38,279 [Worker-4: Loading available Gradle versions] INFO  o.e.b.c.i.u.g.PublishedGradleVersions - Gradle version information cache is out-of-date. Trying to update.
2023-02-01 04:47:33,032 [Worker-4: Loading available Gradle versions] INFO  o.e.b.c.i.u.g.PublishedGradleVersions - Gradle version information cache is out-of-date. Trying to update.
2023-02-01 16:28:45,023 [Worker-4: Loading available Gradle versions] INFO  o.e.b.c.i.u.g.PublishedGradleVersions - Gradle version information cache is up-to-date. Trying to read.
2023-02-04 15:26:22,212 [Worker-3: Loading available Gradle versions] INFO  o.e.b.c.i.u.g.PublishedGradleVersions - Gradle version information cache is out-of-date. Trying to update.
2023-02-04 16:30:40,438 [Worker-2: Loading available Gradle versions] INFO  o.e.b.c.i.u.g.PublishedGradleVersions - Gradle version information cache is up-to-date. Trying to read.
2023-02-04 20:25:23,643 [Worker-4: Loading available Gradle versions] INFO  o.e.b.c.i.u.g.PublishedGradleVersions - Gradle version information cache is up-to-date. Trying to read.
2023-02-06 09:52:36,450 [Worker-2: Loading available Gradle versions] INFO  o.e.b.c.i.u.g.PublishedGradleVersions - Gradle version information cache is out-of-date. Trying to update.
2023-02-07 11:17:14,340 [Worker-4: Loading available Gradle versions] INFO  o.e.b.c.i.u.g.PublishedGradleVersions - Gradle version information cache is out-of-date. Trying to update.
2023-02-07 17:58:56,533 [ModalContext] INFO  o.e.m.c.i.e.AbstractTransferListenerAdapter - Downloading https://repo.maven.apache.org/maven2/com/github/ywchang/maven-archetype-quickstart/1.1/maven-archetype-quickstart-1.1.pom
2023-02-07 17:58:57,490 [ModalContext] INFO  o.e.m.c.i.e.AbstractTransferListenerAdapter - Downloaded https://repo.maven.apache.org/maven2/com/github/ywchang/maven-archetype-quickstart/1.1/maven-archetype-quickstart-1.1.pom
2023-02-07 17:58:58,116 [ModalContext] INFO  o.e.m.c.i.e.AbstractTransferListenerAdapter - Downloading https://repo.maven.apache.org/maven2/com/github/ywchang/maven-archetype-quickstart/1.1/maven-archetype-quickstart-1.1.jar
2023-02-07 17:58:59,538 [ModalContext] INFO  o.e.m.c.i.e.AbstractTransferListenerAdapter - Downloaded https://repo.maven.apache.org/maven2/com/github/ywchang/maven-archetype-quickstart/1.1/maven-archetype-quickstart-1.1.jar
2023-02-07 18:08:19,551 [Worker-43: Launching mavenrun-3d35916e-5ae4-480d-ba31-9bbea077113d] INFO  o.e.m.i.launch.MavenLaunchDelegate - C:\Users\Ashok\eclipse-workspace
2023-02-07 18:08:19,578 [Worker-43: Launching mavenrun-3d35916e-5ae4-480d-ba31-9bbea077113d] INFO  o.e.m.i.launch.MavenLaunchDelegate -  mvn -DarchetypeVersion=1.1 -Dpackage=com.asus.mackito -DarchetypeGroupId=com.github.ywchang -DarchetypeArtifactId=maven-archetype-quickstart -DgroupId=com.asus -DartifactId=mackito -DoutputDirectory=C:\Users\Ashok\eclipse-workspace -Dversion=0.0.1-SNAPSHOT -Dstyle.color=always -U archetype:generate
2023-02-07 23:30:35,219 [Worker-1: Loading available Gradle versions] INFO  o.e.b.c.i.u.g.PublishedGradleVersions - Gradle version information cache is up-to-date. Trying to read.
2023-02-08 05:30:54,330 [Worker-35: Building] INFO  o.e.m.c.i.l.LifecycleMappingFactory - Using NULL lifecycle mapping for MavenProject: JavaPractice:JavaPractice:0.0.1-SNAPSHOT @ C:\Users\Ashok\eclipse-workspace\JavaPractice\pom.xml.
2023-02-08 05:30:57,215 [Worker-49: Enabling Maven Dependency Management] INFO  o.e.m.c.i.l.LifecycleMappingFactory - Using NULL lifecycle mapping for MavenProject: JavaPractice:JavaPractice:0.0.1-SNAPSHOT @ C:\Users\Ashok\eclipse-workspace\JavaPractice\pom.xml.
2023-02-08 05:30:57,403 [Worker-49: Enabling Maven Dependency Management] INFO  o.e.m.c.i.p.ProjectConfigurationManager - Update started
2023-02-08 05:30:57,529 [Worker-49: Enabling Maven Dependency Management] INFO  o.e.m.c.i.l.LifecycleMappingFactory - Using NULL lifecycle mapping for MavenProject: JavaPractice:JavaPractice:0.0.1-SNAPSHOT @ C:\Users\Ashok\eclipse-workspace\JavaPractice\pom.xml.
2023-02-08 05:30:57,864 [Worker-49: Enabling Maven Dependency Management] INFO  o.e.m.c.i.p.ProjectConfigurationManager - Update completed: 0 sec
2023-02-08 06:01:57,843 [Worker-66: Building] INFO  o.e.m.c.i.l.LifecycleMappingFactory - Using NULL lifecycle mapping for MavenProject: JavaPractice:JavaPractice:0.0.1-SNAPSHOT @ C:\Users\Ashok\eclipse-workspace\JavaPractice\pom.xml.
2023-02-08 06:02:01,676 [Worker-66: Download sources and javadoc] INFO  o.e.m.c.i.e.AbstractTransferListenerAdapter - Downloading https://repo.maven.apache.org/maven2/org/mockito/mockito-core/3.12.4/mockito-core-3.12.4-sources.jar
2023-02-08 06:02:03,424 [Worker-66: Download sources and javadoc] INFO  o.e.m.c.i.e.AbstractTransferListenerAdapter - Downloaded https://repo.maven.apache.org/maven2/org/mockito/mockito-core/3.12.4/mockito-core-3.12.4-sources.jar
2023-02-08 06:02:03,431 [Worker-66: Download sources and javadoc] INFO  o.e.m.j.internal.DownloadSourcesJob - Downloaded sources for org.mockito:mockito-core:3.12.4
2023-02-08 06:02:04,847 [Worker-66: Download sources and javadoc] INFO  o.e.m.c.i.e.AbstractTransferListenerAdapter - Downloading https://repo.maven.apache.org/maven2/net/bytebuddy/byte-buddy/1.11.13/byte-buddy-1.11.13-sources.jar
2023-02-08 06:02:06,932 [Worker-66: Download sources and javadoc] INFO  o.e.m.c.i.e.AbstractTransferListenerAdapter - Downloaded https://repo.maven.apache.org/maven2/net/bytebuddy/byte-buddy/1.11.13/byte-buddy-1.11.13-sources.jar
2023-02-08 06:02:06,937 [Worker-66: Download sources and javadoc] INFO  o.e.m.j.internal.DownloadSourcesJob - Downloaded sources for net.bytebuddy:byte-buddy:1.11.13
2023-02-08 06:02:08,227 [Worker-66: Download sources and javadoc] INFO  o.e.m.c.i.e.AbstractTransferListenerAdapter - Downloading https://repo.maven.apache.org/maven2/net/bytebuddy/byte-buddy-agent/1.11.13/byte-buddy-agent-1.11.13-sources.jar
2023-02-08 06:02:09,257 [Worker-66: Download sources and javadoc] INFO  o.e.m.c.i.e.AbstractTransferListenerAdapter - Downloaded https://repo.maven.apache.org/maven2/net/bytebuddy/byte-buddy-agent/1.11.13/byte-buddy-agent-1.11.13-sources.jar
2023-02-08 06:02:09,261 [Worker-66: Download sources and javadoc] INFO  o.e.m.j.internal.DownloadSourcesJob - Downloaded sources for net.bytebuddy:byte-buddy-agent:1.11.13
2023-02-08 06:02:10,480 [Worker-66: Download sources and javadoc] INFO  o.e.m.c.i.e.AbstractTransferListenerAdapter - Downloading https://repo.maven.apache.org/maven2/org/objenesis/objenesis/3.2/objenesis-3.2-sources.jar
2023-02-08 06:02:11,258 [Worker-66: Download sources and javadoc] INFO  o.e.m.c.i.e.AbstractTransferListenerAdapter - Downloaded https://repo.maven.apache.org/maven2/org/objenesis/objenesis/3.2/objenesis-3.2-sources.jar
2023-02-08 06:02:11,268 [Worker-66: Download sources and javadoc] INFO  o.e.m.j.internal.DownloadSourcesJob - Downloaded sources for org.objenesis:objenesis:3.2
2023-02-08 06:02:12,420 [Worker-66: Download sources and javadoc] INFO  o.e.m.c.i.e.AbstractTransferListenerAdapter - Downloading https://repo.maven.apache.org/maven2/org/powermock/powermock-core/2.0.9/powermock-core-2.0.9-sources.jar
2023-02-08 06:02:13,529 [Worker-66: Download sources and javadoc] INFO  o.e.m.c.i.e.AbstractTransferListenerAdapter - Downloaded https://repo.maven.apache.org/maven2/org/powermock/powermock-core/2.0.9/powermock-core-2.0.9-sources.jar
2023-02-08 06:02:13,536 [Worker-66: Download sources and javadoc] INFO  o.e.m.j.internal.DownloadSourcesJob - Downloaded sources for org.powermock:powermock-core:2.0.9
2023-02-08 06:02:14,712 [Worker-66: Download sources and javadoc] INFO  o.e.m.c.i.e.AbstractTransferListenerAdapter - Downloading https://repo.maven.apache.org/maven2/org/powermock/powermock-reflect/2.0.9/powermock-reflect-2.0.9-sources.jar
2023-02-08 06:02:15,402 [Worker-66: Download sources and javadoc] INFO  o.e.m.c.i.e.AbstractTransferListenerAdapter - Downloaded https://repo.maven.apache.org/maven2/org/powermock/powermock-reflect/2.0.9/powermock-reflect-2.0.9-sources.jar
2023-02-08 06:02:15,407 [Worker-66: Download sources and javadoc] INFO  o.e.m.j.internal.DownloadSourcesJob - Downloaded sources for org.powermock:powermock-reflect:2.0.9
2023-02-08 06:02:16,725 [Worker-66: Download sources and javadoc] INFO  o.e.m.c.i.e.AbstractTransferListenerAdapter - Downloading https://repo.maven.apache.org/maven2/org/javassist/javassist/3.27.0-GA/javassist-3.27.0-GA-sources.jar
2023-02-08 06:02:18,375 [Worker-66: Download sources and javadoc] INFO  o.e.m.c.i.e.AbstractTransferListenerAdapter - Downloaded https://repo.maven.apache.org/maven2/org/javassist/javassist/3.27.0-GA/javassist-3.27.0-GA-sources.jar
2023-02-08 06:02:18,387 [Worker-66: Download sources and javadoc] INFO  o.e.m.j.internal.DownloadSourcesJob - Downloaded sources for org.javassist:javassist:3.27.0-GA
2023-02-08 06:02:19,559 [Worker-66: Download sources and javadoc] INFO  o.e.m.c.i.e.AbstractTransferListenerAdapter - Downloading https://repo.maven.apache.org/maven2/org/powermock/powermock-api-mockito2/2.0.9/powermock-api-mockito2-2.0.9-sources.jar
2023-02-08 06:02:20,177 [Worker-66: Download sources and javadoc] INFO  o.e.m.c.i.e.AbstractTransferListenerAdapter - Downloaded https://repo.maven.apache.org/maven2/org/powermock/powermock-api-mockito2/2.0.9/powermock-api-mockito2-2.0.9-sources.jar
2023-02-08 06:02:20,184 [Worker-66: Download sources and javadoc] INFO  o.e.m.j.internal.DownloadSourcesJob - Downloaded sources for org.powermock:powermock-api-mockito2:2.0.9
2023-02-08 06:02:21,437 [Worker-66: Download sources and javadoc] INFO  o.e.m.c.i.e.AbstractTransferListenerAdapter - Downloading https://repo.maven.apache.org/maven2/org/powermock/powermock-api-support/2.0.9/powermock-api-support-2.0.9-sources.jar
2023-02-08 06:02:23,625 [Worker-66: Download sources and javadoc] INFO  o.e.m.c.i.e.AbstractTransferListenerAdapter - Downloaded https://repo.maven.apache.org/maven2/org/powermock/powermock-api-support/2.0.9/powermock-api-support-2.0.9-sources.jar
2023-02-08 06:02:23,631 [Worker-66: Download sources and javadoc] INFO  o.e.m.j.internal.DownloadSourcesJob - Downloaded sources for org.powermock:powermock-api-support:2.0.9
2023-02-08 06:02:24,918 [Worker-66: Download sources and javadoc] INFO  o.e.m.c.i.e.AbstractTransferListenerAdapter - Downloading https://repo.maven.apache.org/maven2/org/powermock/powermock-module-junit4/2.0.9/powermock-module-junit4-2.0.9-sources.jar
2023-02-08 06:02:26,670 [Worker-66: Download sources and javadoc] INFO  o.e.m.c.i.e.AbstractTransferListenerAdapter - Downloaded https://repo.maven.apache.org/maven2/org/powermock/powermock-module-junit4/2.0.9/powermock-module-junit4-2.0.9-sources.jar
2023-02-08 06:02:26,676 [Worker-66: Download sources and javadoc] INFO  o.e.m.j.internal.DownloadSourcesJob - Downloaded sources for org.powermock:powermock-module-junit4:2.0.9
2023-02-08 06:02:27,989 [Worker-66: Download sources and javadoc] INFO  o.e.m.c.i.e.AbstractTransferListenerAdapter - Downloading https://repo.maven.apache.org/maven2/org/powermock/powermock-module-junit4-common/2.0.9/powermock-module-junit4-common-2.0.9-sources.jar
2023-02-08 06:02:28,634 [Worker-66: Download sources and javadoc] INFO  o.e.m.c.i.e.AbstractTransferListenerAdapter - Downloaded https://repo.maven.apache.org/maven2/org/powermock/powermock-module-junit4-common/2.0.9/powermock-module-junit4-common-2.0.9-sources.jar
2023-02-08 06:02:28,641 [Worker-66: Download sources and javadoc] INFO  o.e.m.j.internal.DownloadSourcesJob - Downloaded sources for org.powermock:powermock-module-junit4-common:2.0.9
2023-02-08 06:02:29,936 [Worker-66: Download sources and javadoc] INFO  o.e.m.c.i.e.AbstractTransferListenerAdapter - Downloading https://repo.maven.apache.org/maven2/junit/junit/4.12/junit-4.12-sources.jar
2023-02-08 06:02:31,260 [Worker-66: Download sources and javadoc] INFO  o.e.m.c.i.e.AbstractTransferListenerAdapter - Downloaded https://repo.maven.apache.org/maven2/junit/junit/4.12/junit-4.12-sources.jar
2023-02-08 06:02:31,266 [Worker-66: Download sources and javadoc] INFO  o.e.m.j.internal.DownloadSourcesJob - Downloaded sources for junit:junit:4.12
2023-02-08 06:02:32,539 [Worker-66: Download sources and javadoc] INFO  o.e.m.c.i.e.AbstractTransferListenerAdapter - Downloading https://repo.maven.apache.org/maven2/org/hamcrest/hamcrest-core/1.3/hamcrest-core-1.3-sources.jar
2023-02-08 06:02:33,320 [Worker-66: Download sources and javadoc] INFO  o.e.m.c.i.e.AbstractTransferListenerAdapter - Downloaded https://repo.maven.apache.org/maven2/org/hamcrest/hamcrest-core/1.3/hamcrest-core-1.3-sources.jar
2023-02-08 06:02:33,329 [Worker-66: Download sources and javadoc] INFO  o.e.m.j.internal.DownloadSourcesJob - Downloaded sources for org.hamcrest:hamcrest-core:1.3
2023-02-08 06:24:18,635 [Worker-2: Loading available Gradle versions] INFO  o.e.b.c.i.u.g.PublishedGradleVersions - Gradle version information cache is up-to-date. Trying to read.
2023-02-08 10:20:49,013 [Worker-5: Loading available Gradle versions] INFO  o.e.b.c.i.u.g.PublishedGradleVersions - Gradle version information cache is up-to-date. Trying to read.
2023-02-08 10:26:33,369 [Worker-12: Download sources and javadoc] INFO  o.e.m.j.internal.DownloadSourcesJob - Downloaded sources for org.mockito:mockito-core:3.12.4
2023-02-08 10:26:33,395 [Worker-12: Download sources and javadoc] INFO  o.e.m.j.internal.DownloadSourcesJob - Downloaded sources for net.bytebuddy:byte-buddy:1.11.13
2023-02-08 10:26:33,416 [Worker-12: Download sources and javadoc] INFO  o.e.m.j.internal.DownloadSourcesJob - Downloaded sources for net.bytebuddy:byte-buddy-agent:1.11.13
2023-02-08 10:26:33,427 [Worker-12: Download sources and javadoc] INFO  o.e.m.j.internal.DownloadSourcesJob - Downloaded sources for org.objenesis:objenesis:3.2
2023-02-08 10:26:33,450 [Worker-12: Download sources and javadoc] INFO  o.e.m.j.internal.DownloadSourcesJob - Downloaded sources for org.powermock:powermock-core:2.0.9
2023-02-08 10:26:33,462 [Worker-12: Download sources and javadoc] INFO  o.e.m.j.internal.DownloadSourcesJob - Downloaded sources for org.powermock:powermock-reflect:2.0.9
2023-02-08 10:26:33,476 [Worker-12: Download sources and javadoc] INFO  o.e.m.j.internal.DownloadSourcesJob - Downloaded sources for org.javassist:javassist:3.27.0-GA
2023-02-08 10:26:33,489 [Worker-12: Download sources and javadoc] INFO  o.e.m.j.internal.DownloadSourcesJob - Downloaded sources for org.powermock:powermock-api-mockito2:2.0.9
2023-02-08 10:26:33,507 [Worker-12: Download sources and javadoc] INFO  o.e.m.j.internal.DownloadSourcesJob - Downloaded sources for org.powermock:powermock-api-support:2.0.9
2023-02-08 10:26:33,524 [Worker-12: Download sources and javadoc] INFO  o.e.m.j.internal.DownloadSourcesJob - Downloaded sources for org.powermock:powermock-module-junit4:2.0.9
2023-02-08 10:26:33,538 [Worker-12: Download sources and javadoc] INFO  o.e.m.j.internal.DownloadSourcesJob - Downloaded sources for org.powermock:powermock-module-junit4-common:2.0.9
2023-02-08 10:26:33,550 [Worker-12: Download sources and javadoc] INFO  o.e.m.j.internal.DownloadSourcesJob - Downloaded sources for junit:junit:4.12
2023-02-08 10:26:33,565 [Worker-12: Download sources and javadoc] INFO  o.e.m.j.internal.DownloadSourcesJob - Downloaded sources for org.hamcrest:hamcrest-core:1.3
2023-02-08 10:29:48,709 [Worker-14: Updating Maven Project] INFO  o.e.m.c.i.p.ProjectConfigurationManager - Update started
2023-02-08 10:29:48,779 [Worker-14: Updating Maven Project] INFO  o.e.m.c.i.l.LifecycleMappingFactory - Using NULL lifecycle mapping for MavenProject: JavaPractice:JavaPractice:0.0.1-SNAPSHOT @ C:\Users\Ashok\eclipse-workspace\JavaPractice\pom.xml.
2023-02-08 10:29:49,091 [Worker-14: Updating Maven Project] INFO  o.e.m.c.i.p.ProjectConfigurationManager - Update completed: 0 sec
2023-02-08 10:32:09,368 [Worker-3: Building] INFO  o.e.m.c.i.l.LifecycleMappingFactory - Using NULL lifecycle mapping for MavenProject: JavaPractice:JavaPractice:0.0.1-SNAPSHOT @ C:\Users\Ashok\eclipse-workspace\JavaPractice\pom.xml.
2023-02-08 10:33:05,428 [main] INFO  o.e.m2e.actions.ExecutePomAction - Creating new launch configuration
2023-02-08 10:35:30,449 [Worker-18: Launching JavaPractice] INFO  o.e.m.i.launch.MavenLaunchDelegate - C:\Users\Ashok\eclipse-workspace\JavaPractice
2023-02-08 10:35:30,481 [Worker-18: Launching JavaPractice] INFO  o.e.m.i.launch.MavenLaunchDelegate -  mvn -B -Dstyle.color=always 
2023-02-08 10:36:56,671 [Worker-17: Building] INFO  o.e.m.c.i.l.LifecycleMappingFactory - Using NULL lifecycle mapping for MavenProject: JavaPractice:JavaPractice:0.0.1-SNAPSHOT @ C:\Users\Ashok\eclipse-workspace\JavaPractice\pom.xml.
2023-02-08 10:37:39,065 [Worker-17: Building] INFO  o.e.m.c.i.l.LifecycleMappingFactory - Using NULL lifecycle mapping for MavenProject: JavaPractice:JavaPractice:0.0.1-SNAPSHOT @ C:\Users\Ashok\eclipse-workspace\JavaPractice\pom.xml.
2023-02-08 10:50:56,021 [Worker-0: Loading available Gradle versions] INFO  o.e.b.c.i.u.g.PublishedGradleVersions - Gradle version information cache is up-to-date. Trying to read.
2023-02-08 16:18:27,715 [Worker-4: Loading available Gradle versions] INFO  o.e.b.c.i.u.g.PublishedGradleVersions - Gradle version information cache is out-of-date. Trying to update.
2023-02-09 12:05:34,247 [Worker-4: Loading available Gradle versions] INFO  o.e.b.c.i.u.g.PublishedGradleVersions - Gradle version information cache is up-to-date. Trying to read.
2023-03-07 15:35:33,595 [Worker-5: Loading available Gradle versions] INFO  o.e.b.c.i.u.g.PublishedGradleVersions - Gradle version information cache is out-of-date. Trying to update.
